D:\PROJECTS_COLLATERAL\PROJECTS\TESTINGS\NELDERMEADSOLVER\CLIENTFORNMSOLVER\DEBUG\SOURCE.OBJ
D:\PROJECTS_COLLATERAL\PROJECTS\TESTINGS\NELDERMEADSOLVER\CLIENTFORNMSOLVER\DEBUG\VC110.PDB
D:\PROJECTS_COLLATERAL\PROJECTS\TESTINGS\NELDERMEADSOLVER\DEBUG\CLIENTFORNMSOLVER.ILK
D:\PROJECTS_COLLATERAL\PROJECTS\TESTINGS\NELDERMEADSOLVER\DEBUG\CLIENTFORNMSOLVER.EXE
D:\PROJECTS_COLLATERAL\PROJECTS\TESTINGS\NELDERMEADSOLVER\DEBUG\CLIENTFORNMSOLVER.PDB
D:\projects_collateral\projects\testings\NelderMeadSolver\ClientForNMSolver\Debug\Source.obj
D:\projects_collateral\projects\testings\NelderMeadSolver\ClientForNMSolver\Debug\cl.command.1.tlog
D:\projects_collateral\projects\testings\NelderMeadSolver\ClientForNMSolver\Debug\CL.read.1.tlog
D:\projects_collateral\projects\testings\NelderMeadSolver\ClientForNMSolver\Debug\CL.write.1.tlog
D:\projects_collateral\projects\testings\NelderMeadSolver\ClientForNMSolver\Debug\link-cvtres.read.1.tlog
D:\projects_collateral\projects\testings\NelderMeadSolver\ClientForNMSolver\Debug\link-cvtres.write.1.tlog
D:\projects_collateral\projects\testings\NelderMeadSolver\ClientForNMSolver\Debug\link-rc.read.1.tlog
D:\projects_collateral\projects\testings\NelderMeadSolver\ClientForNMSolver\Debug\link-rc.write.1.tlog
D:\projects_collateral\projects\testings\NelderMeadSolver\ClientForNMSolver\Debug\link.10424-cvtres.read.1.tlog
D:\projects_collateral\projects\testings\NelderMeadSolver\ClientForNMSolver\Debug\link.10424-cvtres.write.1.tlog
D:\projects_collateral\projects\testings\NelderMeadSolver\ClientForNMSolver\Debug\link.10424-rc.read.1.tlog
D:\projects_collateral\projects\testings\NelderMeadSolver\ClientForNMSolver\Debug\link.10424-rc.write.1.tlog
D:\projects_collateral\projects\testings\NelderMeadSolver\ClientForNMSolver\Debug\link.10424.read.1.tlog
D:\projects_collateral\projects\testings\NelderMeadSolver\ClientForNMSolver\Debug\link.10424.write.1.tlog
D:\projects_collateral\projects\testings\NelderMeadSolver\ClientForNMSolver\Debug\link.10516-cvtres.read.1.tlog
D:\projects_collateral\projects\testings\NelderMeadSolver\ClientForNMSolver\Debug\link.10516-cvtres.write.1.tlog
D:\projects_collateral\projects\testings\NelderMeadSolver\ClientForNMSolver\Debug\link.10516-rc.read.1.tlog
D:\projects_collateral\projects\testings\NelderMeadSolver\ClientForNMSolver\Debug\link.10516-rc.write.1.tlog
D:\projects_collateral\projects\testings\NelderMeadSolver\ClientForNMSolver\Debug\link.10516.read.1.tlog
D:\projects_collateral\projects\testings\NelderMeadSolver\ClientForNMSolver\Debug\link.10516.write.1.tlog
D:\projects_collateral\projects\testings\NelderMeadSolver\ClientForNMSolver\Debug\link.11012-cvtres.read.1.tlog
D:\projects_collateral\projects\testings\NelderMeadSolver\ClientForNMSolver\Debug\link.11012-cvtres.write.1.tlog
D:\projects_collateral\projects\testings\NelderMeadSolver\ClientForNMSolver\Debug\link.11012-rc.read.1.tlog
D:\projects_collateral\projects\testings\NelderMeadSolver\ClientForNMSolver\Debug\link.11012-rc.write.1.tlog
D:\projects_collateral\projects\testings\NelderMeadSolver\ClientForNMSolver\Debug\link.11012.read.1.tlog
D:\projects_collateral\projects\testings\NelderMeadSolver\ClientForNMSolver\Debug\link.11012.write.1.tlog
D:\projects_collateral\projects\testings\NelderMeadSolver\ClientForNMSolver\Debug\link.11028-cvtres.read.1.tlog
D:\projects_collateral\projects\testings\NelderMeadSolver\ClientForNMSolver\Debug\link.11028-cvtres.write.1.tlog
D:\projects_collateral\projects\testings\NelderMeadSolver\ClientForNMSolver\Debug\link.11028-rc.read.1.tlog
D:\projects_collateral\projects\testings\NelderMeadSolver\ClientForNMSolver\Debug\link.11028-rc.write.1.tlog
D:\projects_collateral\projects\testings\NelderMeadSolver\ClientForNMSolver\Debug\link.11028.read.1.tlog
D:\projects_collateral\projects\testings\NelderMeadSolver\ClientForNMSolver\Debug\link.11028.write.1.tlog
D:\projects_collateral\projects\testings\NelderMeadSolver\ClientForNMSolver\Debug\link.11176-cvtres.read.1.tlog
D:\projects_collateral\projects\testings\NelderMeadSolver\ClientForNMSolver\Debug\link.11176-cvtres.write.1.tlog
D:\projects_collateral\projects\testings\NelderMeadSolver\ClientForNMSolver\Debug\link.11176-rc.read.1.tlog
D:\projects_collateral\projects\testings\NelderMeadSolver\ClientForNMSolver\Debug\link.11176-rc.write.1.tlog
D:\projects_collateral\projects\testings\NelderMeadSolver\ClientForNMSolver\Debug\link.11176.read.1.tlog
D:\projects_collateral\projects\testings\NelderMeadSolver\ClientForNMSolver\Debug\link.11176.write.1.tlog
D:\projects_collateral\projects\testings\NelderMeadSolver\ClientForNMSolver\Debug\link.11208-cvtres.read.1.tlog
D:\projects_collateral\projects\testings\NelderMeadSolver\ClientForNMSolver\Debug\link.11208-cvtres.write.1.tlog
D:\projects_collateral\projects\testings\NelderMeadSolver\ClientForNMSolver\Debug\link.11208-rc.read.1.tlog
D:\projects_collateral\projects\testings\NelderMeadSolver\ClientForNMSolver\Debug\link.11208-rc.write.1.tlog
D:\projects_collateral\projects\testings\NelderMeadSolver\ClientForNMSolver\Debug\link.11208.read.1.tlog
D:\projects_collateral\projects\testings\NelderMeadSolver\ClientForNMSolver\Debug\link.11208.write.1.tlog
D:\projects_collateral\projects\testings\NelderMeadSolver\ClientForNMSolver\Debug\link.11460-cvtres.read.1.tlog
D:\projects_collateral\projects\testings\NelderMeadSolver\ClientForNMSolver\Debug\link.11460-cvtres.write.1.tlog
D:\projects_collateral\projects\testings\NelderMeadSolver\ClientForNMSolver\Debug\link.11460-rc.read.1.tlog
D:\projects_collateral\projects\testings\NelderMeadSolver\ClientForNMSolver\Debug\link.11460-rc.write.1.tlog
D:\projects_collateral\projects\testings\NelderMeadSolver\ClientForNMSolver\Debug\link.11460.read.1.tlog
D:\projects_collateral\projects\testings\NelderMeadSolver\ClientForNMSolver\Debug\link.11460.write.1.tlog
D:\projects_collateral\projects\testings\NelderMeadSolver\ClientForNMSolver\Debug\link.12088-cvtres.read.1.tlog
D:\projects_collateral\projects\testings\NelderMeadSolver\ClientForNMSolver\Debug\link.12088-cvtres.write.1.tlog
D:\projects_collateral\projects\testings\NelderMeadSolver\ClientForNMSolver\Debug\link.12088-rc.read.1.tlog
D:\projects_collateral\projects\testings\NelderMeadSolver\ClientForNMSolver\Debug\link.12088-rc.write.1.tlog
D:\projects_collateral\projects\testings\NelderMeadSolver\ClientForNMSolver\Debug\link.12088.read.1.tlog
D:\projects_collateral\projects\testings\NelderMeadSolver\ClientForNMSolver\Debug\link.12088.write.1.tlog
D:\projects_collateral\projects\testings\NelderMeadSolver\ClientForNMSolver\Debug\link.12168-cvtres.read.1.tlog
D:\projects_collateral\projects\testings\NelderMeadSolver\ClientForNMSolver\Debug\link.12168-cvtres.write.1.tlog
D:\projects_collateral\projects\testings\NelderMeadSolver\ClientForNMSolver\Debug\link.12168-rc.read.1.tlog
D:\projects_collateral\projects\testings\NelderMeadSolver\ClientForNMSolver\Debug\link.12168-rc.write.1.tlog
D:\projects_collateral\projects\testings\NelderMeadSolver\ClientForNMSolver\Debug\link.12168.read.1.tlog
D:\projects_collateral\projects\testings\NelderMeadSolver\ClientForNMSolver\Debug\link.12168.write.1.tlog
D:\projects_collateral\projects\testings\NelderMeadSolver\ClientForNMSolver\Debug\link.12184-cvtres.read.1.tlog
D:\projects_collateral\projects\testings\NelderMeadSolver\ClientForNMSolver\Debug\link.12184-cvtres.write.1.tlog
D:\projects_collateral\projects\testings\NelderMeadSolver\ClientForNMSolver\Debug\link.12184-rc.read.1.tlog
D:\projects_collateral\projects\testings\NelderMeadSolver\ClientForNMSolver\Debug\link.12184-rc.write.1.tlog
D:\projects_collateral\projects\testings\NelderMeadSolver\ClientForNMSolver\Debug\link.12184.read.1.tlog
D:\projects_collateral\projects\testings\NelderMeadSolver\ClientForNMSolver\Debug\link.12184.write.1.tlog
D:\projects_collateral\projects\testings\NelderMeadSolver\ClientForNMSolver\Debug\link.12296-cvtres.read.1.tlog
D:\projects_collateral\projects\testings\NelderMeadSolver\ClientForNMSolver\Debug\link.12296-cvtres.write.1.tlog
D:\projects_collateral\projects\testings\NelderMeadSolver\ClientForNMSolver\Debug\link.12296-rc.read.1.tlog
D:\projects_collateral\projects\testings\NelderMeadSolver\ClientForNMSolver\Debug\link.12296-rc.write.1.tlog
D:\projects_collateral\projects\testings\NelderMeadSolver\ClientForNMSolver\Debug\link.12296.read.1.tlog
D:\projects_collateral\projects\testings\NelderMeadSolver\ClientForNMSolver\Debug\link.12296.write.1.tlog
D:\projects_collateral\projects\testings\NelderMeadSolver\ClientForNMSolver\Debug\link.12344-cvtres.read.1.tlog
D:\projects_collateral\projects\testings\NelderMeadSolver\ClientForNMSolver\Debug\link.12344-cvtres.write.1.tlog
D:\projects_collateral\projects\testings\NelderMeadSolver\ClientForNMSolver\Debug\link.12344-rc.read.1.tlog
D:\projects_collateral\projects\testings\NelderMeadSolver\ClientForNMSolver\Debug\link.12344-rc.write.1.tlog
D:\projects_collateral\projects\testings\NelderMeadSolver\ClientForNMSolver\Debug\link.12344.read.1.tlog
D:\projects_collateral\projects\testings\NelderMeadSolver\ClientForNMSolver\Debug\link.12344.write.1.tlog
D:\projects_collateral\projects\testings\NelderMeadSolver\ClientForNMSolver\Debug\link.12412-cvtres.read.1.tlog
D:\projects_collateral\projects\testings\NelderMeadSolver\ClientForNMSolver\Debug\link.12412-cvtres.write.1.tlog
D:\projects_collateral\projects\testings\NelderMeadSolver\ClientForNMSolver\Debug\link.12412-rc.read.1.tlog
D:\projects_collateral\projects\testings\NelderMeadSolver\ClientForNMSolver\Debug\link.12412-rc.write.1.tlog
D:\projects_collateral\projects\testings\NelderMeadSolver\ClientForNMSolver\Debug\link.12412.read.1.tlog
D:\projects_collateral\projects\testings\NelderMeadSolver\ClientForNMSolver\Debug\link.12412.write.1.tlog
D:\projects_collateral\projects\testings\NelderMeadSolver\ClientForNMSolver\Debug\link.12432-cvtres.read.1.tlog
D:\projects_collateral\projects\testings\NelderMeadSolver\ClientForNMSolver\Debug\link.12432-cvtres.write.1.tlog
D:\projects_collateral\projects\testings\NelderMeadSolver\ClientForNMSolver\Debug\link.12432-rc.read.1.tlog
D:\projects_collateral\projects\testings\NelderMeadSolver\ClientForNMSolver\Debug\link.12432-rc.write.1.tlog
D:\projects_collateral\projects\testings\NelderMeadSolver\ClientForNMSolver\Debug\link.12432.read.1.tlog
D:\projects_collateral\projects\testings\NelderMeadSolver\ClientForNMSolver\Debug\link.12432.write.1.tlog
D:\projects_collateral\projects\testings\NelderMeadSolver\ClientForNMSolver\Debug\link.12496-cvtres.read.1.tlog
D:\projects_collateral\projects\testings\NelderMeadSolver\ClientForNMSolver\Debug\link.12496-cvtres.write.1.tlog
D:\projects_collateral\projects\testings\NelderMeadSolver\ClientForNMSolver\Debug\link.12496-rc.read.1.tlog
D:\projects_collateral\projects\testings\NelderMeadSolver\ClientForNMSolver\Debug\link.12496-rc.write.1.tlog
D:\projects_collateral\projects\testings\NelderMeadSolver\ClientForNMSolver\Debug\link.12496.read.1.tlog
D:\projects_collateral\projects\testings\NelderMeadSolver\ClientForNMSolver\Debug\link.12496.write.1.tlog
D:\projects_collateral\projects\testings\NelderMeadSolver\ClientForNMSolver\Debug\link.12556-cvtres.read.1.tlog
D:\projects_collateral\projects\testings\NelderMeadSolver\ClientForNMSolver\Debug\link.12556-cvtres.write.1.tlog
D:\projects_collateral\projects\testings\NelderMeadSolver\ClientForNMSolver\Debug\link.12556-rc.read.1.tlog
D:\projects_collateral\projects\testings\NelderMeadSolver\ClientForNMSolver\Debug\link.12556-rc.write.1.tlog
D:\projects_collateral\projects\testings\NelderMeadSolver\ClientForNMSolver\Debug\link.12556.read.1.tlog
D:\projects_collateral\projects\testings\NelderMeadSolver\ClientForNMSolver\Debug\link.12556.write.1.tlog
D:\projects_collateral\projects\testings\NelderMeadSolver\ClientForNMSolver\Debug\link.12820-cvtres.read.1.tlog
D:\projects_collateral\projects\testings\NelderMeadSolver\ClientForNMSolver\Debug\link.12820-cvtres.write.1.tlog
D:\projects_collateral\projects\testings\NelderMeadSolver\ClientForNMSolver\Debug\link.12820-rc.read.1.tlog
D:\projects_collateral\projects\testings\NelderMeadSolver\ClientForNMSolver\Debug\link.12820-rc.write.1.tlog
D:\projects_collateral\projects\testings\NelderMeadSolver\ClientForNMSolver\Debug\link.12820.read.1.tlog
D:\projects_collateral\projects\testings\NelderMeadSolver\ClientForNMSolver\Debug\link.12820.write.1.tlog
D:\projects_collateral\projects\testings\NelderMeadSolver\ClientForNMSolver\Debug\link.12884-cvtres.read.1.tlog
D:\projects_collateral\projects\testings\NelderMeadSolver\ClientForNMSolver\Debug\link.12884-cvtres.write.1.tlog
D:\projects_collateral\projects\testings\NelderMeadSolver\ClientForNMSolver\Debug\link.12884-rc.read.1.tlog
D:\projects_collateral\projects\testings\NelderMeadSolver\ClientForNMSolver\Debug\link.12884-rc.write.1.tlog
D:\projects_collateral\projects\testings\NelderMeadSolver\ClientForNMSolver\Debug\link.12884.read.1.tlog
D:\projects_collateral\projects\testings\NelderMeadSolver\ClientForNMSolver\Debug\link.12884.write.1.tlog
D:\projects_collateral\projects\testings\NelderMeadSolver\ClientForNMSolver\Debug\link.1496-cvtres.read.1.tlog
D:\projects_collateral\projects\testings\NelderMeadSolver\ClientForNMSolver\Debug\link.1496-cvtres.write.1.tlog
D:\projects_collateral\projects\testings\NelderMeadSolver\ClientForNMSolver\Debug\link.1496-rc.read.1.tlog
D:\projects_collateral\projects\testings\NelderMeadSolver\ClientForNMSolver\Debug\link.1496-rc.write.1.tlog
D:\projects_collateral\projects\testings\NelderMeadSolver\ClientForNMSolver\Debug\link.1496.read.1.tlog
D:\projects_collateral\projects\testings\NelderMeadSolver\ClientForNMSolver\Debug\link.1496.write.1.tlog
D:\projects_collateral\projects\testings\NelderMeadSolver\ClientForNMSolver\Debug\link.2504-cvtres.read.1.tlog
D:\projects_collateral\projects\testings\NelderMeadSolver\ClientForNMSolver\Debug\link.2504-cvtres.write.1.tlog
D:\projects_collateral\projects\testings\NelderMeadSolver\ClientForNMSolver\Debug\link.2504-rc.read.1.tlog
D:\projects_collateral\projects\testings\NelderMeadSolver\ClientForNMSolver\Debug\link.2504-rc.write.1.tlog
D:\projects_collateral\projects\testings\NelderMeadSolver\ClientForNMSolver\Debug\link.2504.read.1.tlog
D:\projects_collateral\projects\testings\NelderMeadSolver\ClientForNMSolver\Debug\link.2504.write.1.tlog
D:\projects_collateral\projects\testings\NelderMeadSolver\ClientForNMSolver\Debug\link.2788-cvtres.read.1.tlog
D:\projects_collateral\projects\testings\NelderMeadSolver\ClientForNMSolver\Debug\link.2788-cvtres.write.1.tlog
D:\projects_collateral\projects\testings\NelderMeadSolver\ClientForNMSolver\Debug\link.2788-rc.read.1.tlog
D:\projects_collateral\projects\testings\NelderMeadSolver\ClientForNMSolver\Debug\link.2788-rc.write.1.tlog
D:\projects_collateral\projects\testings\NelderMeadSolver\ClientForNMSolver\Debug\link.2788.read.1.tlog
D:\projects_collateral\projects\testings\NelderMeadSolver\ClientForNMSolver\Debug\link.2788.write.1.tlog
D:\projects_collateral\projects\testings\NelderMeadSolver\ClientForNMSolver\Debug\link.3792-cvtres.read.1.tlog
D:\projects_collateral\projects\testings\NelderMeadSolver\ClientForNMSolver\Debug\link.3792-cvtres.write.1.tlog
D:\projects_collateral\projects\testings\NelderMeadSolver\ClientForNMSolver\Debug\link.3792-rc.read.1.tlog
D:\projects_collateral\projects\testings\NelderMeadSolver\ClientForNMSolver\Debug\link.3792-rc.write.1.tlog
D:\projects_collateral\projects\testings\NelderMeadSolver\ClientForNMSolver\Debug\link.3792.read.1.tlog
D:\projects_collateral\projects\testings\NelderMeadSolver\ClientForNMSolver\Debug\link.3792.write.1.tlog
D:\projects_collateral\projects\testings\NelderMeadSolver\ClientForNMSolver\Debug\link.3952-cvtres.read.1.tlog
D:\projects_collateral\projects\testings\NelderMeadSolver\ClientForNMSolver\Debug\link.3952-cvtres.write.1.tlog
D:\projects_collateral\projects\testings\NelderMeadSolver\ClientForNMSolver\Debug\link.3952-rc.read.1.tlog
D:\projects_collateral\projects\testings\NelderMeadSolver\ClientForNMSolver\Debug\link.3952-rc.write.1.tlog
D:\projects_collateral\projects\testings\NelderMeadSolver\ClientForNMSolver\Debug\link.3952.read.1.tlog
D:\projects_collateral\projects\testings\NelderMeadSolver\ClientForNMSolver\Debug\link.3952.write.1.tlog
D:\projects_collateral\projects\testings\NelderMeadSolver\ClientForNMSolver\Debug\link.5580-cvtres.read.1.tlog
D:\projects_collateral\projects\testings\NelderMeadSolver\ClientForNMSolver\Debug\link.5580-cvtres.write.1.tlog
D:\projects_collateral\projects\testings\NelderMeadSolver\ClientForNMSolver\Debug\link.5580-rc.read.1.tlog
D:\projects_collateral\projects\testings\NelderMeadSolver\ClientForNMSolver\Debug\link.5580-rc.write.1.tlog
D:\projects_collateral\projects\testings\NelderMeadSolver\ClientForNMSolver\Debug\link.5580.read.1.tlog
D:\projects_collateral\projects\testings\NelderMeadSolver\ClientForNMSolver\Debug\link.5580.write.1.tlog
D:\projects_collateral\projects\testings\NelderMeadSolver\ClientForNMSolver\Debug\link.6184-cvtres.read.1.tlog
D:\projects_collateral\projects\testings\NelderMeadSolver\ClientForNMSolver\Debug\link.6184-cvtres.write.1.tlog
D:\projects_collateral\projects\testings\NelderMeadSolver\ClientForNMSolver\Debug\link.6184-rc.read.1.tlog
D:\projects_collateral\projects\testings\NelderMeadSolver\ClientForNMSolver\Debug\link.6184-rc.write.1.tlog
D:\projects_collateral\projects\testings\NelderMeadSolver\ClientForNMSolver\Debug\link.6184.read.1.tlog
D:\projects_collateral\projects\testings\NelderMeadSolver\ClientForNMSolver\Debug\link.6184.write.1.tlog
D:\projects_collateral\projects\testings\NelderMeadSolver\ClientForNMSolver\Debug\link.6320-cvtres.read.1.tlog
D:\projects_collateral\projects\testings\NelderMeadSolver\ClientForNMSolver\Debug\link.6320-cvtres.write.1.tlog
D:\projects_collateral\projects\testings\NelderMeadSolver\ClientForNMSolver\Debug\link.6320-rc.read.1.tlog
D:\projects_collateral\projects\testings\NelderMeadSolver\ClientForNMSolver\Debug\link.6320-rc.write.1.tlog
D:\projects_collateral\projects\testings\NelderMeadSolver\ClientForNMSolver\Debug\link.6320.read.1.tlog
D:\projects_collateral\projects\testings\NelderMeadSolver\ClientForNMSolver\Debug\link.6320.write.1.tlog
D:\projects_collateral\projects\testings\NelderMeadSolver\ClientForNMSolver\Debug\link.6744-cvtres.read.1.tlog
D:\projects_collateral\projects\testings\NelderMeadSolver\ClientForNMSolver\Debug\link.6744-cvtres.write.1.tlog
D:\projects_collateral\projects\testings\NelderMeadSolver\ClientForNMSolver\Debug\link.6744-rc.read.1.tlog
D:\projects_collateral\projects\testings\NelderMeadSolver\ClientForNMSolver\Debug\link.6744-rc.write.1.tlog
D:\projects_collateral\projects\testings\NelderMeadSolver\ClientForNMSolver\Debug\link.6744.read.1.tlog
D:\projects_collateral\projects\testings\NelderMeadSolver\ClientForNMSolver\Debug\link.6744.write.1.tlog
D:\projects_collateral\projects\testings\NelderMeadSolver\ClientForNMSolver\Debug\link.696-cvtres.read.1.tlog
D:\projects_collateral\projects\testings\NelderMeadSolver\ClientForNMSolver\Debug\link.696-cvtres.write.1.tlog
D:\projects_collateral\projects\testings\NelderMeadSolver\ClientForNMSolver\Debug\link.696-rc.read.1.tlog
D:\projects_collateral\projects\testings\NelderMeadSolver\ClientForNMSolver\Debug\link.696-rc.write.1.tlog
D:\projects_collateral\projects\testings\NelderMeadSolver\ClientForNMSolver\Debug\link.696.read.1.tlog
D:\projects_collateral\projects\testings\NelderMeadSolver\ClientForNMSolver\Debug\link.696.write.1.tlog
D:\projects_collateral\projects\testings\NelderMeadSolver\ClientForNMSolver\Debug\link.7328-cvtres.read.1.tlog
D:\projects_collateral\projects\testings\NelderMeadSolver\ClientForNMSolver\Debug\link.7328-cvtres.write.1.tlog
D:\projects_collateral\projects\testings\NelderMeadSolver\ClientForNMSolver\Debug\link.7328-rc.read.1.tlog
D:\projects_collateral\projects\testings\NelderMeadSolver\ClientForNMSolver\Debug\link.7328-rc.write.1.tlog
D:\projects_collateral\projects\testings\NelderMeadSolver\ClientForNMSolver\Debug\link.7328.read.1.tlog
D:\projects_collateral\projects\testings\NelderMeadSolver\ClientForNMSolver\Debug\link.7328.write.1.tlog
D:\projects_collateral\projects\testings\NelderMeadSolver\ClientForNMSolver\Debug\link.7368-cvtres.read.1.tlog
D:\projects_collateral\projects\testings\NelderMeadSolver\ClientForNMSolver\Debug\link.7368-cvtres.write.1.tlog
D:\projects_collateral\projects\testings\NelderMeadSolver\ClientForNMSolver\Debug\link.7368-rc.read.1.tlog
D:\projects_collateral\projects\testings\NelderMeadSolver\ClientForNMSolver\Debug\link.7368-rc.write.1.tlog
D:\projects_collateral\projects\testings\NelderMeadSolver\ClientForNMSolver\Debug\link.7368.read.1.tlog
D:\projects_collateral\projects\testings\NelderMeadSolver\ClientForNMSolver\Debug\link.7368.write.1.tlog
D:\projects_collateral\projects\testings\NelderMeadSolver\ClientForNMSolver\Debug\link.7644-cvtres.read.1.tlog
D:\projects_collateral\projects\testings\NelderMeadSolver\ClientForNMSolver\Debug\link.7644-cvtres.write.1.tlog
D:\projects_collateral\projects\testings\NelderMeadSolver\ClientForNMSolver\Debug\link.7644-rc.read.1.tlog
D:\projects_collateral\projects\testings\NelderMeadSolver\ClientForNMSolver\Debug\link.7644-rc.write.1.tlog
D:\projects_collateral\projects\testings\NelderMeadSolver\ClientForNMSolver\Debug\link.7644.read.1.tlog
D:\projects_collateral\projects\testings\NelderMeadSolver\ClientForNMSolver\Debug\link.7644.write.1.tlog
D:\projects_collateral\projects\testings\NelderMeadSolver\ClientForNMSolver\Debug\link.7788-cvtres.read.1.tlog
D:\projects_collateral\projects\testings\NelderMeadSolver\ClientForNMSolver\Debug\link.7788-cvtres.write.1.tlog
D:\projects_collateral\projects\testings\NelderMeadSolver\ClientForNMSolver\Debug\link.7788-rc.read.1.tlog
D:\projects_collateral\projects\testings\NelderMeadSolver\ClientForNMSolver\Debug\link.7788-rc.write.1.tlog
D:\projects_collateral\projects\testings\NelderMeadSolver\ClientForNMSolver\Debug\link.7788.read.1.tlog
D:\projects_collateral\projects\testings\NelderMeadSolver\ClientForNMSolver\Debug\link.7788.write.1.tlog
D:\projects_collateral\projects\testings\NelderMeadSolver\ClientForNMSolver\Debug\link.7904-cvtres.read.1.tlog
D:\projects_collateral\projects\testings\NelderMeadSolver\ClientForNMSolver\Debug\link.7904-cvtres.write.1.tlog
D:\projects_collateral\projects\testings\NelderMeadSolver\ClientForNMSolver\Debug\link.7904-rc.read.1.tlog
D:\projects_collateral\projects\testings\NelderMeadSolver\ClientForNMSolver\Debug\link.7904-rc.write.1.tlog
D:\projects_collateral\projects\testings\NelderMeadSolver\ClientForNMSolver\Debug\link.7904.read.1.tlog
D:\projects_collateral\projects\testings\NelderMeadSolver\ClientForNMSolver\Debug\link.7904.write.1.tlog
D:\projects_collateral\projects\testings\NelderMeadSolver\ClientForNMSolver\Debug\link.7956-cvtres.read.1.tlog
D:\projects_collateral\projects\testings\NelderMeadSolver\ClientForNMSolver\Debug\link.7956-cvtres.write.1.tlog
D:\projects_collateral\projects\testings\NelderMeadSolver\ClientForNMSolver\Debug\link.7956-rc.read.1.tlog
D:\projects_collateral\projects\testings\NelderMeadSolver\ClientForNMSolver\Debug\link.7956-rc.write.1.tlog
D:\projects_collateral\projects\testings\NelderMeadSolver\ClientForNMSolver\Debug\link.7956.read.1.tlog
D:\projects_collateral\projects\testings\NelderMeadSolver\ClientForNMSolver\Debug\link.7956.write.1.tlog
D:\projects_collateral\projects\testings\NelderMeadSolver\ClientForNMSolver\Debug\link.7968-cvtres.read.1.tlog
D:\projects_collateral\projects\testings\NelderMeadSolver\ClientForNMSolver\Debug\link.7968-cvtres.write.1.tlog
D:\projects_collateral\projects\testings\NelderMeadSolver\ClientForNMSolver\Debug\link.7968-rc.read.1.tlog
D:\projects_collateral\projects\testings\NelderMeadSolver\ClientForNMSolver\Debug\link.7968-rc.write.1.tlog
D:\projects_collateral\projects\testings\NelderMeadSolver\ClientForNMSolver\Debug\link.7968.read.1.tlog
D:\projects_collateral\projects\testings\NelderMeadSolver\ClientForNMSolver\Debug\link.7968.write.1.tlog
D:\projects_collateral\projects\testings\NelderMeadSolver\ClientForNMSolver\Debug\link.8296-cvtres.read.1.tlog
D:\projects_collateral\projects\testings\NelderMeadSolver\ClientForNMSolver\Debug\link.8296-cvtres.write.1.tlog
D:\projects_collateral\projects\testings\NelderMeadSolver\ClientForNMSolver\Debug\link.8296-rc.read.1.tlog
D:\projects_collateral\projects\testings\NelderMeadSolver\ClientForNMSolver\Debug\link.8296-rc.write.1.tlog
D:\projects_collateral\projects\testings\NelderMeadSolver\ClientForNMSolver\Debug\link.8296.read.1.tlog
D:\projects_collateral\projects\testings\NelderMeadSolver\ClientForNMSolver\Debug\link.8296.write.1.tlog
D:\projects_collateral\projects\testings\NelderMeadSolver\ClientForNMSolver\Debug\link.8344-cvtres.read.1.tlog
D:\projects_collateral\projects\testings\NelderMeadSolver\ClientForNMSolver\Debug\link.8344-cvtres.write.1.tlog
D:\projects_collateral\projects\testings\NelderMeadSolver\ClientForNMSolver\Debug\link.8344-rc.read.1.tlog
D:\projects_collateral\projects\testings\NelderMeadSolver\ClientForNMSolver\Debug\link.8344-rc.write.1.tlog
D:\projects_collateral\projects\testings\NelderMeadSolver\ClientForNMSolver\Debug\link.8344.read.1.tlog
D:\projects_collateral\projects\testings\NelderMeadSolver\ClientForNMSolver\Debug\link.8344.write.1.tlog
D:\projects_collateral\projects\testings\NelderMeadSolver\ClientForNMSolver\Debug\link.8708-cvtres.read.1.tlog
D:\projects_collateral\projects\testings\NelderMeadSolver\ClientForNMSolver\Debug\link.8708-cvtres.write.1.tlog
D:\projects_collateral\projects\testings\NelderMeadSolver\ClientForNMSolver\Debug\link.8708-rc.read.1.tlog
D:\projects_collateral\projects\testings\NelderMeadSolver\ClientForNMSolver\Debug\link.8708-rc.write.1.tlog
D:\projects_collateral\projects\testings\NelderMeadSolver\ClientForNMSolver\Debug\link.8708.read.1.tlog
D:\projects_collateral\projects\testings\NelderMeadSolver\ClientForNMSolver\Debug\link.8708.write.1.tlog
D:\projects_collateral\projects\testings\NelderMeadSolver\ClientForNMSolver\Debug\link.8716-cvtres.read.1.tlog
D:\projects_collateral\projects\testings\NelderMeadSolver\ClientForNMSolver\Debug\link.8716-cvtres.write.1.tlog
D:\projects_collateral\projects\testings\NelderMeadSolver\ClientForNMSolver\Debug\link.8716-rc.read.1.tlog
D:\projects_collateral\projects\testings\NelderMeadSolver\ClientForNMSolver\Debug\link.8716-rc.write.1.tlog
D:\projects_collateral\projects\testings\NelderMeadSolver\ClientForNMSolver\Debug\link.8716.read.1.tlog
D:\projects_collateral\projects\testings\NelderMeadSolver\ClientForNMSolver\Debug\link.8716.write.1.tlog
D:\projects_collateral\projects\testings\NelderMeadSolver\ClientForNMSolver\Debug\link.8992-cvtres.read.1.tlog
D:\projects_collateral\projects\testings\NelderMeadSolver\ClientForNMSolver\Debug\link.8992-cvtres.write.1.tlog
D:\projects_collateral\projects\testings\NelderMeadSolver\ClientForNMSolver\Debug\link.8992-rc.read.1.tlog
D:\projects_collateral\projects\testings\NelderMeadSolver\ClientForNMSolver\Debug\link.8992-rc.write.1.tlog
D:\projects_collateral\projects\testings\NelderMeadSolver\ClientForNMSolver\Debug\link.8992.read.1.tlog
D:\projects_collateral\projects\testings\NelderMeadSolver\ClientForNMSolver\Debug\link.8992.write.1.tlog
D:\projects_collateral\projects\testings\NelderMeadSolver\ClientForNMSolver\Debug\link.9064-cvtres.read.1.tlog
D:\projects_collateral\projects\testings\NelderMeadSolver\ClientForNMSolver\Debug\link.9064-cvtres.write.1.tlog
D:\projects_collateral\projects\testings\NelderMeadSolver\ClientForNMSolver\Debug\link.9064-rc.read.1.tlog
D:\projects_collateral\projects\testings\NelderMeadSolver\ClientForNMSolver\Debug\link.9064-rc.write.1.tlog
D:\projects_collateral\projects\testings\NelderMeadSolver\ClientForNMSolver\Debug\link.9064.read.1.tlog
D:\projects_collateral\projects\testings\NelderMeadSolver\ClientForNMSolver\Debug\link.9064.write.1.tlog
D:\projects_collateral\projects\testings\NelderMeadSolver\ClientForNMSolver\Debug\link.9136-cvtres.read.1.tlog
D:\projects_collateral\projects\testings\NelderMeadSolver\ClientForNMSolver\Debug\link.9136-cvtres.write.1.tlog
D:\projects_collateral\projects\testings\NelderMeadSolver\ClientForNMSolver\Debug\link.9136-rc.read.1.tlog
D:\projects_collateral\projects\testings\NelderMeadSolver\ClientForNMSolver\Debug\link.9136-rc.write.1.tlog
D:\projects_collateral\projects\testings\NelderMeadSolver\ClientForNMSolver\Debug\link.9136.read.1.tlog
D:\projects_collateral\projects\testings\NelderMeadSolver\ClientForNMSolver\Debug\link.9136.write.1.tlog
D:\projects_collateral\projects\testings\NelderMeadSolver\ClientForNMSolver\Debug\link.9296-cvtres.read.1.tlog
D:\projects_collateral\projects\testings\NelderMeadSolver\ClientForNMSolver\Debug\link.9296-cvtres.write.1.tlog
D:\projects_collateral\projects\testings\NelderMeadSolver\ClientForNMSolver\Debug\link.9296-rc.read.1.tlog
D:\projects_collateral\projects\testings\NelderMeadSolver\ClientForNMSolver\Debug\link.9296-rc.write.1.tlog
D:\projects_collateral\projects\testings\NelderMeadSolver\ClientForNMSolver\Debug\link.9296.read.1.tlog
D:\projects_collateral\projects\testings\NelderMeadSolver\ClientForNMSolver\Debug\link.9296.write.1.tlog
D:\projects_collateral\projects\testings\NelderMeadSolver\ClientForNMSolver\Debug\link.9412-cvtres.read.1.tlog
D:\projects_collateral\projects\testings\NelderMeadSolver\ClientForNMSolver\Debug\link.9412-cvtres.write.1.tlog
D:\projects_collateral\projects\testings\NelderMeadSolver\ClientForNMSolver\Debug\link.9412-rc.read.1.tlog
D:\projects_collateral\projects\testings\NelderMeadSolver\ClientForNMSolver\Debug\link.9412-rc.write.1.tlog
D:\projects_collateral\projects\testings\NelderMeadSolver\ClientForNMSolver\Debug\link.9412.read.1.tlog
D:\projects_collateral\projects\testings\NelderMeadSolver\ClientForNMSolver\Debug\link.9412.write.1.tlog
D:\projects_collateral\projects\testings\NelderMeadSolver\ClientForNMSolver\Debug\link.9944-cvtres.read.1.tlog
D:\projects_collateral\projects\testings\NelderMeadSolver\ClientForNMSolver\Debug\link.9944-cvtres.write.1.tlog
D:\projects_collateral\projects\testings\NelderMeadSolver\ClientForNMSolver\Debug\link.9944-rc.read.1.tlog
D:\projects_collateral\projects\testings\NelderMeadSolver\ClientForNMSolver\Debug\link.9944-rc.write.1.tlog
D:\projects_collateral\projects\testings\NelderMeadSolver\ClientForNMSolver\Debug\link.9944.read.1.tlog
D:\projects_collateral\projects\testings\NelderMeadSolver\ClientForNMSolver\Debug\link.9944.write.1.tlog
D:\projects_collateral\projects\testings\NelderMeadSolver\ClientForNMSolver\Debug\link.command.1.tlog
D:\projects_collateral\projects\testings\NelderMeadSolver\ClientForNMSolver\Debug\link.read.1.tlog
D:\projects_collateral\projects\testings\NelderMeadSolver\ClientForNMSolver\Debug\link.write.1.tlog
D:\projects_collateral\projects\testings\NelderMeadSolver\ClientForNMSolver\Debug\vc110.idb
D:\projects_collateral\projects\testings\NelderMeadSolver\ClientForNMSolver\Debug\vc110.pdb
D:\projects_collateral\projects\testings\NelderMeadSolver\Debug\ClientForNMSolver.pdb
D:\projects_collateral\projects\testings\NelderMeadSolver\Debug\ClientForNMSolver.exe
D:\projects_collateral\projects\testings\NelderMeadSolver\Debug\ClientForNMSolver.ilk
