Build started 01/10/2015 19:07:07.
     1>Project "D:\projects_collateral\projects\nealder-mead solver\NelderMeadSolver\NelderMeadSolver\NelderMeadSolver.vcxproj" on node 2 (Rebuild target(s)).
     1>ClCompile:
         C:\Program Files (x86)\Microsoft Visual Studio 12.0\VC\bin\CL.exe /c /I"$C:\Program Files (x86)\Microsoft DirectX SDK (June 2010)" /ZI /nologo /W3 /WX- /Od /Oy- /D WIN32 /D _DEBUG /D _LIB /D _UNICODE /D UNICODE /Gm /EHsc /RTC1 /MDd /GS /fp:precise /Zc:wchar_t /Zc:forScope /Yc"stdafx.h" /Fp"Debug\NelderMeadSolver.pch" /Fo"Debug\\" /Fd"Debug\vc120.pdb" /Gd /TP /analyze- /errorReport:prompt stdafx.cpp
         stdafx.cpp
         C:\Program Files (x86)\Microsoft Visual Studio 12.0\VC\bin\CL.exe /c /I"$C:\Program Files (x86)\Microsoft DirectX SDK (June 2010)" /ZI /nologo /W3 /WX- /Od /Oy- /D WIN32 /D _DEBUG /D _LIB /D _UNICODE /D UNICODE /Gm /EHsc /RTC1 /MDd /GS /fp:precise /Zc:wchar_t /Zc:forScope /Yu"stdafx.h" /Fp"Debug\NelderMeadSolver.pch" /Fo"Debug\\" /Fd"Debug\vc120.pdb" /Gd /TP /analyze- /errorReport:prompt Bounds.cpp Point.cpp SimplexTriple.cpp Solver.cpp
         Solver.cpp
         SimplexTriple.cpp
         Point.cpp
         Bounds.cpp
         Generating Code...
       Lib:
         C:\Program Files (x86)\Microsoft Visual Studio 12.0\VC\bin\Lib.exe /OUT:"D:\projects_collateral\projects\nealder-mead solver\NelderMeadSolver\Debug\NelderMeadSolver.lib" /NOLOGO Debug\Bounds.obj
         Debug\Point.obj
         Debug\SimplexTriple.obj
         Debug\Solver.obj
         Debug\stdafx.obj
         NelderMeadSolver.vcxproj -> D:\projects_collateral\projects\nealder-mead solver\NelderMeadSolver\Debug\NelderMeadSolver.lib
     1>Done Building Project "D:\projects_collateral\projects\nealder-mead solver\NelderMeadSolver\NelderMeadSolver\NelderMeadSolver.vcxproj" (Rebuild target(s)).

Build succeeded.

Time Elapsed 00:00:00.98
